<?xml version="1.0" encoding="UTF-8"?>
<testng-results skipped="0" failed="0" ignored="0" total="1" passed="1">
  <reporter-output>
  </reporter-output>
  <suite name="Default suite" duration-ms="17987" started-at="2019-07-11T21:46:00Z" finished-at="2019-07-11T21:46:18Z">
    <groups>
    </groups>
    <test name="Default test" duration-ms="17987" started-at="2019-07-11T21:46:00Z" finished-at="2019-07-11T21:46:18Z">
      <class name="SSCS.E_ProjCert.TestNG.NewTest">
        <test-method status="PASS" signature="launch()[pri:0, instance:SSCS.E_ProjCert.TestNG.NewTest@18355a8]" name="launch" is-config="true" duration-ms="10390" started-at="2019-07-11T21:46:00Z" finished-at="2019-07-11T21:46:10Z">
          <reporter-output>
          </reporter-output>
        </test-method> <!-- launch -->
        <test-method status="PASS" signature="VerifyAboutUS()[pri:0, instance:SSCS.E_ProjCert.TestNG.NewTest@18355a8]" name="VerifyAboutUS" duration-ms="6700" started-at="2019-07-11T21:46:10Z" finished-at="2019-07-11T21:46:17Z">
          <reporter-output>
          </reporter-output>
        </test-method> <!-- VerifyAboutUS -->
        <test-method status="PASS" signature="close()[pri:0, instance:SSCS.E_ProjCert.TestNG.NewTest@18355a8]" name="close" is-config="true" duration-ms="848" started-at="2019-07-11T21:46:17Z" finished-at="2019-07-11T21:46:18Z">
          <reporter-output>
          </reporter-output>
        </test-method> <!-- close -->
      </class> <!-- SSCS.E_ProjCert.TestNG.NewTest -->
    </test> <!-- Default test -->
  </suite> <!-- Default suite -->
</testng-results>
